13:06:24.047 INFO - Selenium build info: version: '3.8.1', revision: '6e95a6684b'
13:06:24.047 INFO - Launching a standalone Selenium Server
2018-01-21 13:06:24.219:INFO::main: Logging initialized @482ms to org.seleniumhq.jetty9.util.log.StdErrLog
13:06:24.251 INFO - Using `new FirefoxOptions()` is preferred to `DesiredCapabilities.firefox()`
13:06:24.267 INFO - Using `new ChromeOptions()` is preferred to `DesiredCapabilities.chrome()`
13:06:24.267 INFO - Using `new EdgeOptions()` is preferred to `DesiredCapabilities.edge()`
13:06:24.267 INFO - Driver class not found: com.opera.core.systems.OperaDriver
13:06:24.267 INFO - Using `new OperaOptions()` is preferred to `DesiredCapabilities.operaBlink()`
13:06:24.267 INFO - Using `new SafariOptions()` is preferred to `DesiredCapabilities.safari()`
13:06:24.267 INFO - Driver class not found: org.openqa.selenium.phantomjs.PhantomJSDriver
13:06:24.313 INFO - Driver provider class org.openqa.selenium.safari.SafariDriver registration is skipped:
 registration capabilities Capabilities {browserName: safari, platform: MAC, version: } does not match the current platform WIN10
13:06:24.359 INFO - Using `new ChromeOptions()` is preferred to `DesiredCapabilities.chrome()`
13:06:24.360 INFO - Using `new EdgeOptions()` is preferred to `DesiredCapabilities.edge()`
13:06:24.360 INFO - Using `new FirefoxOptions()` is preferred to `DesiredCapabilities.firefox()`
13:06:24.360 INFO - Using `new OperaOptions()` is preferred to `DesiredCapabilities.operaBlink()`
13:06:24.360 INFO - Using `new SafariOptions()` is preferred to `DesiredCapabilities.safari()`
13:06:24.368 INFO - Using the passthrough mode handler
2018-01-21 13:06:24.384:INFO:osjs.Server:main: jetty-9.4.7.v20170914
2018-01-21 13:06:24.400:WARN:osjs.SecurityHandler:main: ServletContext@o.s.j.s.ServletContextHandler@6c284af{/,null,STARTING} has uncovered http methods for path: /
2018-01-21 13:06:24.400:INFO:osjsh.ContextHandler:main: Started o.s.j.s.ServletContextHandler@6c284af{/,null,AVAILABLE}
2018-01-21 13:06:24.509:INFO:osjs.AbstractConnector:main: Started ServerConnector@64b0598{HTTP/1.1,[http/1.1]}{0.0.0.0:4445}
2018-01-21 13:06:24.509:INFO:osjs.Server:main: Started @784ms
13:06:24.509 INFO - Selenium Server is up and running
2018-01-21 13:06:24.732:INFO:osjshC.ROOT:qtp78204644-17: org.openqa.selenium.remote.server.WebDriverServlet-428640fa: Initialising WebDriverServlet
13:06:24.778 INFO - Found handler: org.openqa.selenium.remote.server.commandhandler.BeginSession@77f15244
13:06:24.778 INFO - /session: Executing POST on /session (handler: BeginSession)
13:06:24.842 INFO - Capabilities are: Capabilities {acceptSslCerts: true, browserName: chrome, javascriptEnabled: true, name: Test}
13:06:24.845 INFO - Capabilities {acceptSslCerts: true, browserName: chrome, javascriptEnabled: true, name: Test} matched class org.openqa.selenium.remote.server.ServicedSession$Factory (provider: org.openqa.selenium.chrome.ChromeDriverService)
Starting ChromeDriver 2.33.506120 (e3e53437346286c0bc2d2dc9aa4915ba81d9023f) on port 38321
Only local connections are allowed.
13:06:27.560 INFO - Detected dialect: OSS
13:06:27.850 INFO - Found handler: org.openqa.selenium.remote.server.ServicedSession@75b8cac2
13:06:27.850 INFO - Handler thread for session 6a7dfc81f1f8727b311d7ed2c1291826 (chrome): Executing POST on /session/6a7dfc81f1f8727b311d7ed2c1291826/url (handler: ServicedSession)
13:06:27.850 INFO - To upstream: {"url":"http://localhost:3000"}
13:06:29.158 INFO - To downstream: {"sessionId":"6a7dfc81f1f8727b311d7ed2c1291826","status":0,"value":null}
13:06:29.175 INFO - Found handler: org.openqa.selenium.remote.server.ServicedSession@75b8cac2
13:06:29.175 INFO - Handler thread for session 6a7dfc81f1f8727b311d7ed2c1291826 (chrome): Executing POST on /session/6a7dfc81f1f8727b311d7ed2c1291826/elements (handler: ServicedSession)
13:06:29.176 INFO - To upstream: {"using":"css selector","value":"input[name=\"evenOddInput\"]"}
13:06:29.201 INFO - To downstream: {"sessionId":"6a7dfc81f1f8727b311d7ed2c1291826","status":0,"value":[{"ELEMENT":"0.09852604433428991-1"}]}
13:06:29.201 INFO - Found handler: org.openqa.selenium.remote.server.ServicedSession@75b8cac2
13:06:29.201 INFO - Handler thread for session 6a7dfc81f1f8727b311d7ed2c1291826 (chrome): Executing GET on /session/6a7dfc81f1f8727b311d7ed2c1291826/element/0.09852604433428991-1/displayed (handler: ServicedSession)
13:06:29.217 INFO - To downstream: {"sessionId":"6a7dfc81f1f8727b311d7ed2c1291826","status":0,"value":true}
13:06:29.217 INFO - Found handler: org.openqa.selenium.remote.server.ServicedSession@75b8cac2
13:06:29.217 INFO - Handler thread for session 6a7dfc81f1f8727b311d7ed2c1291826 (chrome): Executing POST on /session/6a7dfc81f1f8727b311d7ed2c1291826/element (handler: ServicedSession)
13:06:29.232 INFO - To upstream: {"using":"css selector","value":"input[name=\"evenOddInput\"]"}
13:06:29.254 INFO - To downstream: {"sessionId":"6a7dfc81f1f8727b311d7ed2c1291826","status":0,"value":{"ELEMENT":"0.09852604433428991-1"}}
13:06:29.258 INFO - Found handler: org.openqa.selenium.remote.server.ServicedSession@75b8cac2
13:06:29.259 INFO - Handler thread for session 6a7dfc81f1f8727b311d7ed2c1291826 (chrome): Executing POST on /session/6a7dfc81f1f8727b311d7ed2c1291826/element/0.09852604433428991-1/value (handler: ServicedSession)
13:06:29.260 INFO - To upstream: {"value":["1",",","2",",","3",",","4",",","5",",","6"]}
13:06:29.368 INFO - To downstream: {"sessionId":"6a7dfc81f1f8727b311d7ed2c1291826","status":0,"value":null}
13:06:29.376 INFO - Found handler: org.openqa.selenium.remote.server.ServicedSession@75b8cac2
13:06:29.376 INFO - Handler thread for session 6a7dfc81f1f8727b311d7ed2c1291826 (chrome): Executing POST on /session/6a7dfc81f1f8727b311d7ed2c1291826/element (handler: ServicedSession)
13:06:29.378 INFO - To upstream: {"using":"css selector","value":"button[name=\"evenOddButton\"]"}
13:06:29.396 INFO - To downstream: {"sessionId":"6a7dfc81f1f8727b311d7ed2c1291826","status":0,"value":{"ELEMENT":"0.09852604433428991-2"}}
13:06:29.400 INFO - Found handler: org.openqa.selenium.remote.server.ServicedSession@75b8cac2
13:06:29.401 INFO - Handler thread for session 6a7dfc81f1f8727b311d7ed2c1291826 (chrome): Executing POST on /session/6a7dfc81f1f8727b311d7ed2c1291826/element/0.09852604433428991-2/click (handler: ServicedSession)
13:06:29.404 INFO - To upstream: 
13:06:29.450 INFO - To downstream: {"sessionId":"6a7dfc81f1f8727b311d7ed2c1291826","status":0,"value":null}
13:06:29.456 INFO - Found handler: org.openqa.selenium.remote.server.ServicedSession@75b8cac2
13:06:29.456 INFO - Handler thread for session 6a7dfc81f1f8727b311d7ed2c1291826 (chrome): Executing POST on /session/6a7dfc81f1f8727b311d7ed2c1291826/elements (handler: ServicedSession)
13:06:29.458 INFO - To upstream: {"using":"css selector","value":"span[name=\"evenResults\"]"}
13:06:29.473 INFO - To downstream: {"sessionId":"6a7dfc81f1f8727b311d7ed2c1291826","status":0,"value":[{"ELEMENT":"0.09852604433428991-3"}]}
13:06:29.477 INFO - Found handler: org.openqa.selenium.remote.server.ServicedSession@75b8cac2
13:06:29.477 INFO - Handler thread for session 6a7dfc81f1f8727b311d7ed2c1291826 (chrome): Executing GET on /session/6a7dfc81f1f8727b311d7ed2c1291826/element/0.09852604433428991-3/text (handler: ServicedSession)
13:06:29.498 INFO - To downstream: {"sessionId":"6a7dfc81f1f8727b311d7ed2c1291826","status":0,"value":"Evens: [2,4,6]"}
13:06:29.503 INFO - Found handler: org.openqa.selenium.remote.server.ServicedSession@75b8cac2
13:06:29.504 INFO - Handler thread for session 6a7dfc81f1f8727b311d7ed2c1291826 (chrome): Executing POST on /session/6a7dfc81f1f8727b311d7ed2c1291826/elements (handler: ServicedSession)
13:06:29.505 INFO - To upstream: {"using":"css selector","value":"span[name=\"oddResults\"]"}
13:06:29.525 INFO - To downstream: {"sessionId":"6a7dfc81f1f8727b311d7ed2c1291826","status":0,"value":[{"ELEMENT":"0.09852604433428991-4"}]}
13:06:29.529 INFO - Found handler: org.openqa.selenium.remote.server.ServicedSession@75b8cac2
13:06:29.529 INFO - Handler thread for session 6a7dfc81f1f8727b311d7ed2c1291826 (chrome): Executing GET on /session/6a7dfc81f1f8727b311d7ed2c1291826/element/0.09852604433428991-4/text (handler: ServicedSession)
13:06:29.554 INFO - To downstream: {"sessionId":"6a7dfc81f1f8727b311d7ed2c1291826","status":0,"value":"Odds: [1,3,5]"}
13:06:29.562 INFO - Found handler: org.openqa.selenium.remote.server.ServicedSession@75b8cac2
13:06:29.563 INFO - Handler thread for session 6a7dfc81f1f8727b311d7ed2c1291826 (chrome): Executing POST on /session/6a7dfc81f1f8727b311d7ed2c1291826/url (handler: ServicedSession)
13:06:29.564 INFO - To upstream: {"url":"http://localhost:3000"}
13:06:29.795 INFO - To downstream: {"sessionId":"6a7dfc81f1f8727b311d7ed2c1291826","status":0,"value":null}
13:06:29.800 INFO - Found handler: org.openqa.selenium.remote.server.ServicedSession@75b8cac2
13:06:29.800 INFO - Handler thread for session 6a7dfc81f1f8727b311d7ed2c1291826 (chrome): Executing POST on /session/6a7dfc81f1f8727b311d7ed2c1291826/element (handler: ServicedSession)
13:06:29.803 INFO - To upstream: {"using":"css selector","value":"input[name=\"objectFilterInput\"]"}
13:06:29.819 INFO - To downstream: {"sessionId":"6a7dfc81f1f8727b311d7ed2c1291826","status":0,"value":{"ELEMENT":"0.10932254298386157-1"}}
13:06:29.834 INFO - Found handler: org.openqa.selenium.remote.server.ServicedSession@75b8cac2
13:06:29.834 INFO - Handler thread for session 6a7dfc81f1f8727b311d7ed2c1291826 (chrome): Executing POST on /session/6a7dfc81f1f8727b311d7ed2c1291826/element/0.10932254298386157-1/value (handler: ServicedSession)
13:06:29.834 INFO - To upstream: {"value":["n","a","m","e"]}
13:06:29.895 INFO - To downstream: {"sessionId":"6a7dfc81f1f8727b311d7ed2c1291826","status":0,"value":null}
13:06:29.900 INFO - Found handler: org.openqa.selenium.remote.server.ServicedSession@75b8cac2
13:06:29.900 INFO - Handler thread for session 6a7dfc81f1f8727b311d7ed2c1291826 (chrome): Executing POST on /session/6a7dfc81f1f8727b311d7ed2c1291826/element (handler: ServicedSession)
13:06:29.903 INFO - To upstream: {"using":"css selector","value":"button[name=\"objectFilterButton\"]"}
13:06:29.917 INFO - To downstream: {"sessionId":"6a7dfc81f1f8727b311d7ed2c1291826","status":0,"value":{"ELEMENT":"0.10932254298386157-2"}}
13:06:29.922 INFO - Found handler: org.openqa.selenium.remote.server.ServicedSession@75b8cac2
13:06:29.922 INFO - Handler thread for session 6a7dfc81f1f8727b311d7ed2c1291826 (chrome): Executing POST on /session/6a7dfc81f1f8727b311d7ed2c1291826/element/0.10932254298386157-2/click (handler: ServicedSession)
13:06:29.924 INFO - To upstream: 
13:06:29.963 INFO - To downstream: {"sessionId":"6a7dfc81f1f8727b311d7ed2c1291826","status":0,"value":null}
13:06:29.969 INFO - Found handler: org.openqa.selenium.remote.server.ServicedSession@75b8cac2
13:06:29.969 INFO - Handler thread for session 6a7dfc81f1f8727b311d7ed2c1291826 (chrome): Executing POST on /session/6a7dfc81f1f8727b311d7ed2c1291826/elements (handler: ServicedSession)
13:06:29.971 INFO - To upstream: {"using":"css selector","value":"span[name=\"objectFilterResults\"]"}
13:06:29.987 INFO - To downstream: {"sessionId":"6a7dfc81f1f8727b311d7ed2c1291826","status":0,"value":[{"ELEMENT":"0.10932254298386157-3"}]}
13:06:29.990 INFO - Found handler: org.openqa.selenium.remote.server.ServicedSession@75b8cac2
13:06:29.990 INFO - Handler thread for session 6a7dfc81f1f8727b311d7ed2c1291826 (chrome): Executing GET on /session/6a7dfc81f1f8727b311d7ed2c1291826/element/0.10932254298386157-3/text (handler: ServicedSession)
13:06:30.007 INFO - To downstream: {"sessionId":"6a7dfc81f1f8727b311d7ed2c1291826","status":0,"value":"Filtered: [ { \"name\": \"Jimmy Joe\", \"title\": \"Hack0r\", \"age\": 12 }, { \"name\": \"Jeremy Schrader\", \"age\": 24, \"hairColor\": \"brown\" }, { \"name\": \"Carly Armstrong\", \"title\": \"CEO\" } ]"}
13:06:30.012 INFO - Found handler: org.openqa.selenium.remote.server.ServicedSession@75b8cac2
13:06:30.012 INFO - Handler thread for session 6a7dfc81f1f8727b311d7ed2c1291826 (chrome): Executing POST on /session/6a7dfc81f1f8727b311d7ed2c1291826/url (handler: ServicedSession)
13:06:30.014 INFO - To upstream: {"url":"http://localhost:3000"}
13:06:30.108 INFO - To downstream: {"sessionId":"6a7dfc81f1f8727b311d7ed2c1291826","status":0,"value":null}
13:06:30.113 INFO - Found handler: org.openqa.selenium.remote.server.ServicedSession@75b8cac2
13:06:30.114 INFO - Handler thread for session 6a7dfc81f1f8727b311d7ed2c1291826 (chrome): Executing POST on /session/6a7dfc81f1f8727b311d7ed2c1291826/element (handler: ServicedSession)
13:06:30.116 INFO - To upstream: {"using":"css selector","value":"input[id=\"nameFilterInput\"]"}
13:06:30.148 INFO - To downstream: {"sessionId":"6a7dfc81f1f8727b311d7ed2c1291826","status":0,"value":{"ELEMENT":"0.3185444885312496-1"}}
13:06:30.152 INFO - Found handler: org.openqa.selenium.remote.server.ServicedSession@75b8cac2
13:06:30.154 INFO - Handler thread for session 6a7dfc81f1f8727b311d7ed2c1291826 (chrome): Executing POST on /session/6a7dfc81f1f8727b311d7ed2c1291826/element/0.3185444885312496-1/value (handler: ServicedSession)
13:06:30.161 INFO - To upstream: {"value":["y"]}
13:06:30.200 INFO - To downstream: {"sessionId":"6a7dfc81f1f8727b311d7ed2c1291826","status":0,"value":null}
13:06:30.207 INFO - Found handler: org.openqa.selenium.remote.server.ServicedSession@75b8cac2
13:06:30.207 INFO - Handler thread for session 6a7dfc81f1f8727b311d7ed2c1291826 (chrome): Executing POST on /session/6a7dfc81f1f8727b311d7ed2c1291826/element (handler: ServicedSession)
13:06:30.209 INFO - To upstream: {"using":"css selector","value":"button[id=\"nameFilterButton\"]"}
13:06:30.224 INFO - To downstream: {"sessionId":"6a7dfc81f1f8727b311d7ed2c1291826","status":0,"value":{"ELEMENT":"0.3185444885312496-2"}}
13:06:30.227 INFO - Found handler: org.openqa.selenium.remote.server.ServicedSession@75b8cac2
13:06:30.228 INFO - Handler thread for session 6a7dfc81f1f8727b311d7ed2c1291826 (chrome): Executing POST on /session/6a7dfc81f1f8727b311d7ed2c1291826/element/0.3185444885312496-2/click (handler: ServicedSession)
13:06:30.229 INFO - To upstream: 
13:06:30.273 INFO - To downstream: {"sessionId":"6a7dfc81f1f8727b311d7ed2c1291826","status":0,"value":null}
13:06:30.276 INFO - Found handler: org.openqa.selenium.remote.server.ServicedSession@75b8cac2
13:06:30.277 INFO - Handler thread for session 6a7dfc81f1f8727b311d7ed2c1291826 (chrome): Executing POST on /session/6a7dfc81f1f8727b311d7ed2c1291826/elements (handler: ServicedSession)
13:06:30.278 INFO - To upstream: {"using":"css selector","value":"span[name=\"nameFilterResults\"]"}
13:06:30.295 INFO - To downstream: {"sessionId":"6a7dfc81f1f8727b311d7ed2c1291826","status":0,"value":[{"ELEMENT":"0.3185444885312496-3"}]}
13:06:30.305 INFO - Found handler: org.openqa.selenium.remote.server.ServicedSession@75b8cac2
13:06:30.306 INFO - Handler thread for session 6a7dfc81f1f8727b311d7ed2c1291826 (chrome): Executing GET on /session/6a7dfc81f1f8727b311d7ed2c1291826/element/0.3185444885312496-3/text (handler: ServicedSession)
13:06:30.324 INFO - To downstream: {"sessionId":"6a7dfc81f1f8727b311d7ed2c1291826","status":0,"value":"Filtered Names: [ \"Melody\", \"Tyler\", \"Maddy\" ]"}
13:06:30.330 INFO - Found handler: org.openqa.selenium.remote.server.ServicedSession@75b8cac2
13:06:30.331 INFO - Handler thread for session 6a7dfc81f1f8727b311d7ed2c1291826 (chrome): Executing POST on /session/6a7dfc81f1f8727b311d7ed2c1291826/url (handler: ServicedSession)
13:06:30.332 INFO - To upstream: {"url":"http://localhost:3000"}
13:06:30.420 INFO - To downstream: {"sessionId":"6a7dfc81f1f8727b311d7ed2c1291826","status":0,"value":null}
13:06:30.425 INFO - Found handler: org.openqa.selenium.remote.server.ServicedSession@75b8cac2
13:06:30.425 INFO - Handler thread for session 6a7dfc81f1f8727b311d7ed2c1291826 (chrome): Executing POST on /session/6a7dfc81f1f8727b311d7ed2c1291826/element (handler: ServicedSession)
13:06:30.427 INFO - To upstream: {"using":"css selector","value":"input[name=\"palindromeInput\"]"}
13:06:30.451 INFO - To downstream: {"sessionId":"6a7dfc81f1f8727b311d7ed2c1291826","status":0,"value":{"ELEMENT":"0.4533755646330466-1"}}
13:06:30.452 INFO - Found handler: org.openqa.selenium.remote.server.ServicedSession@75b8cac2
13:06:30.452 INFO - Handler thread for session 6a7dfc81f1f8727b311d7ed2c1291826 (chrome): Executing POST on /session/6a7dfc81f1f8727b311d7ed2c1291826/element/0.4533755646330466-1/value (handler: ServicedSession)
13:06:30.452 INFO - To upstream: {"value":["w","o","r","d"]}
13:06:30.515 INFO - To downstream: {"sessionId":"6a7dfc81f1f8727b311d7ed2c1291826","status":0,"value":null}
13:06:30.520 INFO - Found handler: org.openqa.selenium.remote.server.ServicedSession@75b8cac2
13:06:30.521 INFO - Handler thread for session 6a7dfc81f1f8727b311d7ed2c1291826 (chrome): Executing POST on /session/6a7dfc81f1f8727b311d7ed2c1291826/element (handler: ServicedSession)
13:06:30.523 INFO - To upstream: {"using":"css selector","value":"button[name=\"palindromeButton\"]"}
13:06:30.536 INFO - To downstream: {"sessionId":"6a7dfc81f1f8727b311d7ed2c1291826","status":0,"value":{"ELEMENT":"0.4533755646330466-2"}}
13:06:30.539 INFO - Found handler: org.openqa.selenium.remote.server.ServicedSession@75b8cac2
13:06:30.539 INFO - Handler thread for session 6a7dfc81f1f8727b311d7ed2c1291826 (chrome): Executing POST on /session/6a7dfc81f1f8727b311d7ed2c1291826/element/0.4533755646330466-2/click (handler: ServicedSession)
13:06:30.540 INFO - To upstream: 
13:06:30.581 INFO - To downstream: {"sessionId":"6a7dfc81f1f8727b311d7ed2c1291826","status":0,"value":null}
13:06:30.585 INFO - Found handler: org.openqa.selenium.remote.server.ServicedSession@75b8cac2
13:06:30.587 INFO - Handler thread for session 6a7dfc81f1f8727b311d7ed2c1291826 (chrome): Executing POST on /session/6a7dfc81f1f8727b311d7ed2c1291826/elements (handler: ServicedSession)
13:06:30.589 INFO - To upstream: {"using":"css selector","value":"span[name=\"palindromeResults\"]"}
13:06:30.604 INFO - To downstream: {"sessionId":"6a7dfc81f1f8727b311d7ed2c1291826","status":0,"value":[{"ELEMENT":"0.4533755646330466-3"}]}
13:06:30.607 INFO - Found handler: org.openqa.selenium.remote.server.ServicedSession@75b8cac2
13:06:30.608 INFO - Handler thread for session 6a7dfc81f1f8727b311d7ed2c1291826 (chrome): Executing GET on /session/6a7dfc81f1f8727b311d7ed2c1291826/element/0.4533755646330466-3/text (handler: ServicedSession)
13:06:30.625 INFO - To downstream: {"sessionId":"6a7dfc81f1f8727b311d7ed2c1291826","status":0,"value":"Palindrome: false"}
13:06:30.633 INFO - Found handler: org.openqa.selenium.remote.server.ServicedSession@75b8cac2
13:06:30.634 INFO - Handler thread for session 6a7dfc81f1f8727b311d7ed2c1291826 (chrome): Executing POST on /session/6a7dfc81f1f8727b311d7ed2c1291826/url (handler: ServicedSession)
13:06:30.636 INFO - To upstream: {"url":"http://localhost:3000"}
13:06:30.752 INFO - To downstream: {"sessionId":"6a7dfc81f1f8727b311d7ed2c1291826","status":0,"value":null}
13:06:30.757 INFO - Found handler: org.openqa.selenium.remote.server.ServicedSession@75b8cac2
13:06:30.757 INFO - Handler thread for session 6a7dfc81f1f8727b311d7ed2c1291826 (chrome): Executing POST on /session/6a7dfc81f1f8727b311d7ed2c1291826/element (handler: ServicedSession)
13:06:30.759 INFO - To upstream: {"using":"css selector","value":"input[name=\"sumInput1\"]"}
13:06:30.795 INFO - To downstream: {"sessionId":"6a7dfc81f1f8727b311d7ed2c1291826","status":0,"value":{"ELEMENT":"0.19937024364287192-1"}}
13:06:30.798 INFO - Found handler: org.openqa.selenium.remote.server.ServicedSession@75b8cac2
13:06:30.799 INFO - Handler thread for session 6a7dfc81f1f8727b311d7ed2c1291826 (chrome): Executing POST on /session/6a7dfc81f1f8727b311d7ed2c1291826/element/0.19937024364287192-1/value (handler: ServicedSession)
13:06:30.800 INFO - To upstream: {"value":["2"]}
13:06:30.850 INFO - To downstream: {"sessionId":"6a7dfc81f1f8727b311d7ed2c1291826","status":0,"value":null}
13:06:30.854 INFO - Found handler: org.openqa.selenium.remote.server.ServicedSession@75b8cac2
13:06:30.854 INFO - Handler thread for session 6a7dfc81f1f8727b311d7ed2c1291826 (chrome): Executing POST on /session/6a7dfc81f1f8727b311d7ed2c1291826/element (handler: ServicedSession)
13:06:30.856 INFO - To upstream: {"using":"css selector","value":"input[name=\"sumInput2\"]"}
13:06:30.874 INFO - To downstream: {"sessionId":"6a7dfc81f1f8727b311d7ed2c1291826","status":0,"value":{"ELEMENT":"0.19937024364287192-2"}}
13:06:30.877 INFO - Found handler: org.openqa.selenium.remote.server.ServicedSession@75b8cac2
13:06:30.878 INFO - Handler thread for session 6a7dfc81f1f8727b311d7ed2c1291826 (chrome): Executing POST on /session/6a7dfc81f1f8727b311d7ed2c1291826/element/0.19937024364287192-2/value (handler: ServicedSession)
13:06:30.879 INFO - To upstream: {"value":["2"]}
13:06:30.914 INFO - To downstream: {"sessionId":"6a7dfc81f1f8727b311d7ed2c1291826","status":0,"value":null}
13:06:30.920 INFO - Found handler: org.openqa.selenium.remote.server.ServicedSession@75b8cac2
13:06:30.920 INFO - Handler thread for session 6a7dfc81f1f8727b311d7ed2c1291826 (chrome): Executing POST on /session/6a7dfc81f1f8727b311d7ed2c1291826/element (handler: ServicedSession)
13:06:30.922 INFO - To upstream: {"using":"css selector","value":"button[name=\"sumButton\"]"}
13:06:30.937 INFO - To downstream: {"sessionId":"6a7dfc81f1f8727b311d7ed2c1291826","status":0,"value":{"ELEMENT":"0.19937024364287192-3"}}
13:06:30.941 INFO - Found handler: org.openqa.selenium.remote.server.ServicedSession@75b8cac2
13:06:30.941 INFO - Handler thread for session 6a7dfc81f1f8727b311d7ed2c1291826 (chrome): Executing POST on /session/6a7dfc81f1f8727b311d7ed2c1291826/element/0.19937024364287192-3/click (handler: ServicedSession)
13:06:30.942 INFO - To upstream: 
13:06:30.987 INFO - To downstream: {"sessionId":"6a7dfc81f1f8727b311d7ed2c1291826","status":0,"value":null}
13:06:30.991 INFO - Found handler: org.openqa.selenium.remote.server.ServicedSession@75b8cac2
13:06:30.991 INFO - Handler thread for session 6a7dfc81f1f8727b311d7ed2c1291826 (chrome): Executing POST on /session/6a7dfc81f1f8727b311d7ed2c1291826/elements (handler: ServicedSession)
13:06:30.993 INFO - To upstream: {"using":"css selector","value":"span[name=\"sumResults\"]"}
13:06:31.007 INFO - To downstream: {"sessionId":"6a7dfc81f1f8727b311d7ed2c1291826","status":0,"value":[{"ELEMENT":"0.19937024364287192-4"}]}
13:06:31.010 INFO - Found handler: org.openqa.selenium.remote.server.ServicedSession@75b8cac2
13:06:31.011 INFO - Handler thread for session 6a7dfc81f1f8727b311d7ed2c1291826 (chrome): Executing GET on /session/6a7dfc81f1f8727b311d7ed2c1291826/element/0.19937024364287192-4/text (handler: ServicedSession)
13:06:31.030 INFO - To downstream: {"sessionId":"6a7dfc81f1f8727b311d7ed2c1291826","status":0,"value":"Sum: 4"}
13:06:31.036 INFO - Found handler: org.openqa.selenium.remote.server.ServicedSession@75b8cac2
13:06:31.036 INFO - Handler thread for session 6a7dfc81f1f8727b311d7ed2c1291826 (chrome): Executing DELETE on /session/6a7dfc81f1f8727b311d7ed2c1291826 (handler: ServicedSession)
13:06:31.298 INFO - To downstream: {"sessionId":"6a7dfc81f1f8727b311d7ed2c1291826","status":0,"value":null}
13:06:31.298 INFO - Removing session org.openqa.selenium.remote.server.ServicedSession@75b8cac2
